# compile-train-graphs --read-disambig-syms=data/lang_nosp/phones/disambig.int exp/tri1/tree exp/tri1/1.mdl data/lang_nosp/L.fst "ark:utils/sym2int.pl --map-oov 3 -f 2- data/lang_nosp/words.txt < data/train_clean_5/split4/4/text |" "ark:|gzip -c >exp/tri1/fsts.4.gz" 
# Started at Fri Apr 14 06:34:52 CDT 2023
#
compile-train-graphs --read-disambig-syms=data/lang_nosp/phones/disambig.int exp/tri1/tree exp/tri1/1.mdl data/lang_nosp/L.fst 'ark:utils/sym2int.pl --map-oov 3 -f 2- data/lang_nosp/words.txt < data/train_clean_5/split4/4/text |' 'ark:|gzip -c >exp/tri1/fsts.4.gz' 
sym2int.pl: replacing OBSTRUCKT with 3
sym2int.pl: replacing IMPADE with 3
sym2int.pl: replacing CORRESPONDIENCE with 3
sym2int.pl: replacing SINTRY with 3
sym2int.pl: replacing ARENTSCHILD'S with 3
sym2int.pl: replacing FORNINT with 3
sym2int.pl: replacing FILTERIN with 3
sym2int.pl: replacing DOABLE with 3
sym2int.pl: replacing THRAVELS with 3
sym2int.pl: replacing PASTRINI with 3
sym2int.pl: replacing PULCHINELLOS with 3
sym2int.pl: replacing PASTRINI with 3
sym2int.pl: replacing AFFETTATORE with 3
sym2int.pl: replacing PASTRINI with 3
sym2int.pl: replacing PASTRINI with 3
sym2int.pl: replacing PASTRINI with 3
sym2int.pl: replacing PASTRINI with 3
sym2int.pl: replacing PASTRINI with 3
sym2int.pl: replacing COLOSSEO with 3
sym2int.pl: replacing DECESARIS with 3
sym2int.pl: not warning for OOVs any more times
** Replaced 89 instances of OOVs with 3
LOG (compile-train-graphs[5.5]:main():compile-train-graphs.cc:147) compile-train-graphs: succeeded for 394 graphs, failed for 0
# Accounting: time=4 threads=1
# Ended (code 0) at Fri Apr 14 06:34:56 CDT 2023, elapsed time 4 seconds
