# compile-train-graphs --read-disambig-syms=data/lang_nosp/phones/disambig.int exp/tri1/tree exp/tri1/1.mdl data/lang_nosp/L.fst "ark:utils/sym2int.pl --map-oov 3 -f 2- data/lang_nosp/words.txt < data/train_clean_5/split4/1/text |" "ark:|gzip -c >exp/tri1/fsts.1.gz" 
# Started at Fri Apr 14 06:34:52 CDT 2023
#
compile-train-graphs --read-disambig-syms=data/lang_nosp/phones/disambig.int exp/tri1/tree exp/tri1/1.mdl data/lang_nosp/L.fst 'ark:utils/sym2int.pl --map-oov 3 -f 2- data/lang_nosp/words.txt < data/train_clean_5/split4/1/text |' 'ark:|gzip -c >exp/tri1/fsts.1.gz' 
sym2int.pl: replacing PEZARA with 3
sym2int.pl: replacing PUFFIER with 3
sym2int.pl: replacing SPIRITUALISES with 3
sym2int.pl: replacing DESINTERESSE with 3
sym2int.pl: replacing UNEGOISTIC with 3
sym2int.pl: replacing UNEGOISTIC with 3
sym2int.pl: replacing UGLIFYING with 3
sym2int.pl: replacing DOCUMENTARILY with 3
sym2int.pl: replacing BAROCCO with 3
sym2int.pl: replacing PARODISTS with 3
sym2int.pl: replacing GOLDENNESS with 3
sym2int.pl: replacing NAIVETES with 3
sym2int.pl: replacing MISFORTUNED with 3
sym2int.pl: replacing NAIVETES with 3
sym2int.pl: replacing HONESTY' with 3
sym2int.pl: replacing RONICKY'S with 3
sym2int.pl: replacing LAGREE with 3
sym2int.pl: replacing LAGREE with 3
sym2int.pl: replacing LAGREE with 3
sym2int.pl: replacing LOCRINOS with 3
sym2int.pl: not warning for OOVs any more times
** Replaced 27 instances of OOVs with 3
LOG (compile-train-graphs[5.5]:main():compile-train-graphs.cc:147) compile-train-graphs: succeeded for 382 graphs, failed for 0
# Accounting: time=3 threads=1
# Ended (code 0) at Fri Apr 14 06:34:55 CDT 2023, elapsed time 3 seconds
