# gmm-init-model --write-occs=exp/tri1/1.occs exp/tri1/tree exp/tri1/treeacc data/lang_nosp/topo exp/tri1/1.mdl 
# Started at Fri Apr 14 06:34:51 CDT 2023
#
gmm-init-model --write-occs=exp/tri1/1.occs exp/tri1/tree exp/tri1/treeacc data/lang_nosp/topo exp/tri1/1.mdl 
LOG (gmm-init-model[5.5]:main():gmm-init-model.cc:271) Number of separate statistics is 81580
WARNING (gmm-init-model[5.5]:InitAmGmm():gmm-init-model.cc:83) Very small count for state 8: 61; corresponding phone list: 107 108 109 110 
WARNING (gmm-init-model[5.5]:InitAmGmm():gmm-init-model.cc:83) Very small count for state 128: 81; corresponding phone list: 231 232 233 234 
WARNING (gmm-init-model[5.5]:InitAmGmm():gmm-init-model.cc:83) Very small count for state 207: 98; corresponding phone list: 125 129 133 137 
WARNING (gmm-init-model[5.5]:InitAmGmm():gmm-init-model.cc:83) Very small count for state 287: 96; corresponding phone list: 139 140 141 142 143 144 145 146 147 148 149 150 151 152 153 154 
WARNING (gmm-init-model[5.5]:InitAmGmm():gmm-init-model.cc:83) Very small count for state 304: 46; corresponding phone list: 27 28 29 30 31 32 33 34 35 36 37 38 39 40 41 42 
WARNING (gmm-init-model[5.5]:InitAmGmm():gmm-init-model.cc:83) Very small count for state 375: 63; corresponding phone list: 223 224 225 226 
WARNING (gmm-init-model[5.5]:InitAmGmm():gmm-init-model.cc:83) Very small count for state 394: 37; corresponding phone list: 43 44 45 46 51 52 53 54 55 56 57 58 
WARNING (gmm-init-model[5.5]:InitAmGmm():gmm-init-model.cc:83) Very small count for state 423: 80; corresponding phone list: 223 225 226 
WARNING (gmm-init-model[5.5]:InitAmGmm():gmm-init-model.cc:83) Very small count for state 635: 96; corresponding phone list: 155 156 157 158 159 160 161 162 163 164 165 166 167 168 169 170 
WARNING (gmm-init-model[5.5]:InitAmGmm():gmm-init-model.cc:83) Very small count for state 763: 97; corresponding phone list: 295 296 297 298 299 300 301 302 303 304 305 306 307 308 309 310 
WARNING (gmm-init-model[5.5]:InitAmGmm():gmm-init-model.cc:83) Very small count for state 784: 59; corresponding phone list: 183 184 185 186 187 188 189 190 191 192 193 194 195 196 197 198 
WARNING (gmm-init-model[5.5]:InitAmGmm():gmm-init-model.cc:83) Very small count for state 948: 59; corresponding phone list: 43 44 45 46 55 56 57 58 
WARNING (gmm-init-model[5.5]:InitAmGmm():gmm-init-model.cc:83) Very small count for state 989: 95; corresponding phone list: 199 200 201 202 203 204 205 206 207 208 209 210 211 212 213 214 
WARNING (gmm-init-model[5.5]:InitAmGmm():gmm-init-model.cc:83) Very small count for state 1016: 70; corresponding phone list: 183 184 185 186 187 188 189 190 191 192 193 194 195 196 197 198 
WARNING (gmm-init-model[5.5]:InitAmGmm():gmm-init-model.cc:83) Very small count for state 1103: 78; corresponding phone list: 43 45 46 51 53 54 55 57 58 
WARNING (gmm-init-model[5.5]:InitAmGmm():gmm-init-model.cc:83) Very small count for state 1178: 97; corresponding phone list: 335 336 337 338 
WARNING (gmm-init-model[5.5]:InitAmGmm():gmm-init-model.cc:83) Very small count for state 1351: 86; corresponding phone list: 155 156 157 158 159 160 161 162 163 164 165 166 167 168 169 170 
LOG (gmm-init-model[5.5]:main():gmm-init-model.cc:306) Wrote model.
# Accounting: time=1 threads=1
# Ended (code 0) at Fri Apr 14 06:34:52 CDT 2023, elapsed time 1 seconds
