# gmm-align-compiled --transition-scale=1.0 --acoustic-scale=0.1 --self-loop-scale=0.1 --beam=6 --retry-beam=40 --careful=false "gmm-boost-silence --boost=1.25 1 exp/mono/1.mdl - |" "ark:gunzip -c exp/mono/fsts.3.gz|" "ark,s,cs:apply-cmvn  --utt2spk=ark:data/train_500short/split4/3/utt2spk scp:data/train_500short/split4/3/cmvn.scp scp:data/train_500short/split4/3/feats.scp ark:- | add-deltas  ark:- ark:- |" "ark,t:|gzip -c >exp/mono/ali.3.gz" 
# Started at Fri Apr 14 06:15:40 CDT 2023
#
gmm-align-compiled --transition-scale=1.0 --acoustic-scale=0.1 --self-loop-scale=0.1 --beam=6 --retry-beam=40 --careful=false 'gmm-boost-silence --boost=1.25 1 exp/mono/1.mdl - |' 'ark:gunzip -c exp/mono/fsts.3.gz|' 'ark,s,cs:apply-cmvn  --utt2spk=ark:data/train_500short/split4/3/utt2spk scp:data/train_500short/split4/3/cmvn.scp scp:data/train_500short/split4/3/feats.scp ark:- | add-deltas  ark:- ark:- |' 'ark,t:|gzip -c >exp/mono/ali.3.gz' 
gmm-boost-silence --boost=1.25 1 exp/mono/1.mdl - 
WARNING (gmm-boost-silence[5.5]:main():gmm-boost-silence.cc:82) The pdfs for the silence phones may be shared by other phones (note: this probably does not matter.)
LOG (gmm-boost-silence[5.5]:main():gmm-boost-silence.cc:93) Boosted weights for 5 pdfs, by factor of 1.25
LOG (gmm-boost-silence[5.5]:main():gmm-boost-silence.cc:103) Wrote model to -
add-deltas ark:- ark:- 
apply-cmvn --utt2spk=ark:data/train_500short/split4/3/utt2spk scp:data/train_500short/split4/3/cmvn.scp scp:data/train_500short/split4/3/feats.scp ark:- 
LOG (gmm-align-compiled[5.5]:main():gmm-align-compiled.cc:127) 3664-178355-0010
LOG (gmm-align-compiled[5.5]:main():gmm-align-compiled.cc:127) 3664-178355-0013
WARNING (gmm-align-compiled[5.5]:AlignUtteranceWrapper():decoder-wrappers.cc:617) Retrying utterance 3664-178355-0013 with beam 40
LOG (gmm-align-compiled[5.5]:main():gmm-align-compiled.cc:127) 3664-178355-0018
WARNING (gmm-align-compiled[5.5]:AlignUtteranceWrapper():decoder-wrappers.cc:617) Retrying utterance 3664-178355-0018 with beam 40
LOG (gmm-align-compiled[5.5]:main():gmm-align-compiled.cc:127) 3664-178355-0019
LOG (gmm-align-compiled[5.5]:main():gmm-align-compiled.cc:127) 3664-178355-0021
LOG (gmm-align-compiled[5.5]:main():gmm-align-compiled.cc:127) 3664-178355-0029
WARNING (gmm-align-compiled[5.5]:AlignUtteranceWrapper():decoder-wrappers.cc:617) Retrying utterance 3664-178355-0029 with beam 40
LOG (gmm-align-compiled[5.5]:main():gmm-align-compiled.cc:127) 3664-178355-0036
WARNING (gmm-align-compiled[5.5]:AlignUtteranceWrapper():decoder-wrappers.cc:617) Retrying utterance 3664-178355-0036 with beam 40
LOG (gmm-align-compiled[5.5]:main():gmm-align-compiled.cc:127) 3947-13262-0005
LOG (gmm-align-compiled[5.5]:main():gmm-align-compiled.cc:127) 3947-13262-0006
WARNING (gmm-align-compiled[5.5]:AlignUtteranceWrapper():decoder-wrappers.cc:617) Retrying utterance 3947-13262-0006 with beam 40
LOG (gmm-align-compiled[5.5]:main():gmm-align-compiled.cc:127) 3947-13262-0008
WARNING (gmm-align-compiled[5.5]:AlignUtteranceWrapper():decoder-wrappers.cc:617) Retrying utterance 3947-13262-0008 with beam 40
LOG (gmm-align-compiled[5.5]:main():gmm-align-compiled.cc:127) 3947-13262-0011
WARNING (gmm-align-compiled[5.5]:AlignUtteranceWrapper():decoder-wrappers.cc:617) Retrying utterance 3947-13262-0011 with beam 40
LOG (gmm-align-compiled[5.5]:main():gmm-align-compiled.cc:127) 3947-13262-0012
WARNING (gmm-align-compiled[5.5]:AlignUtteranceWrapper():decoder-wrappers.cc:617) Retrying utterance 3947-13262-0012 with beam 40
LOG (gmm-align-compiled[5.5]:main():gmm-align-compiled.cc:127) 3947-13262-0015
WARNING (gmm-align-compiled[5.5]:AlignUtteranceWrapper():decoder-wrappers.cc:617) Retrying utterance 3947-13262-0015 with beam 40
LOG (gmm-align-compiled[5.5]:main():gmm-align-compiled.cc:127) 3947-13262-0016
LOG (gmm-align-compiled[5.5]:main():gmm-align-compiled.cc:127) 3947-13262-0020
LOG (gmm-align-compiled[5.5]:main():gmm-align-compiled.cc:127) 3947-13262-0026
WARNING (gmm-align-compiled[5.5]:AlignUtteranceWrapper():decoder-wrappers.cc:617) Retrying utterance 3947-13262-0026 with beam 40
LOG (gmm-align-compiled[5.5]:main():gmm-align-compiled.cc:127) 3947-13262-0031
LOG (gmm-align-compiled[5.5]:main():gmm-align-compiled.cc:127) 3947-13262-0033
LOG (gmm-align-compiled[5.5]:main():gmm-align-compiled.cc:127) 3947-13262-0034
WARNING (gmm-align-compiled[5.5]:AlignUtteranceWrapper():decoder-wrappers.cc:617) Retrying utterance 3947-13262-0034 with beam 40
LOG (gmm-align-compiled[5.5]:main():gmm-align-compiled.cc:127) 3947-13262-0035
WARNING (gmm-align-compiled[5.5]:AlignUtteranceWrapper():decoder-wrappers.cc:617) Retrying utterance 3947-13262-0035 with beam 40
LOG (gmm-align-compiled[5.5]:main():gmm-align-compiled.cc:127) 3947-13262-0036
LOG (gmm-align-compiled[5.5]:main():gmm-align-compiled.cc:127) 3947-13262-0037
LOG (gmm-align-compiled[5.5]:main():gmm-align-compiled.cc:127) 3947-13262-0039
LOG (gmm-align-compiled[5.5]:main():gmm-align-compiled.cc:127) 3947-13262-0040
LOG (gmm-align-compiled[5.5]:main():gmm-align-compiled.cc:127) 3947-13262-0041
LOG (gmm-align-compiled[5.5]:main():gmm-align-compiled.cc:127) 3947-13262-0042
WARNING (gmm-align-compiled[5.5]:AlignUtteranceWrapper():decoder-wrappers.cc:617) Retrying utterance 3947-13262-0042 with beam 40
LOG (gmm-align-compiled[5.5]:main():gmm-align-compiled.cc:127) 3947-13262-0044
WARNING (gmm-align-compiled[5.5]:AlignUtteranceWrapper():decoder-wrappers.cc:617) Retrying utterance 3947-13262-0044 with beam 40
LOG (gmm-align-compiled[5.5]:main():gmm-align-compiled.cc:127) 3947-13262-0045
LOG (gmm-align-compiled[5.5]:main():gmm-align-compiled.cc:127) 3947-13262-0046
WARNING (gmm-align-compiled[5.5]:AlignUtteranceWrapper():decoder-wrappers.cc:617) Retrying utterance 3947-13262-0046 with beam 40
LOG (gmm-align-compiled[5.5]:main():gmm-align-compiled.cc:127) 3947-13262-0048
WARNING (gmm-align-compiled[5.5]:AlignUtteranceWrapper():decoder-wrappers.cc:617) Retrying utterance 3947-13262-0048 with beam 40
LOG (gmm-align-compiled[5.5]:main():gmm-align-compiled.cc:127) 460-172359-0000
WARNING (gmm-align-compiled[5.5]:AlignUtteranceWrapper():decoder-wrappers.cc:617) Retrying utterance 460-172359-0000 with beam 40
LOG (gmm-align-compiled[5.5]:main():gmm-align-compiled.cc:127) 460-172359-0002
WARNING (gmm-align-compiled[5.5]:AlignUtteranceWrapper():decoder-wrappers.cc:617) Retrying utterance 460-172359-0002 with beam 40
LOG (gmm-align-compiled[5.5]:main():gmm-align-compiled.cc:127) 460-172359-0004
LOG (gmm-align-compiled[5.5]:main():gmm-align-compiled.cc:127) 460-172359-0010
WARNING (gmm-align-compiled[5.5]:AlignUtteranceWrapper():decoder-wrappers.cc:617) Retrying utterance 460-172359-0010 with beam 40
LOG (gmm-align-compiled[5.5]:main():gmm-align-compiled.cc:127) 460-172359-0011
LOG (gmm-align-compiled[5.5]:main():gmm-align-compiled.cc:127) 460-172359-0012
LOG (gmm-align-compiled[5.5]:main():gmm-align-compiled.cc:127) 460-172359-0015
LOG (gmm-align-compiled[5.5]:main():gmm-align-compiled.cc:127) 460-172359-0018
WARNING (gmm-align-compiled[5.5]:AlignUtteranceWrapper():decoder-wrappers.cc:617) Retrying utterance 460-172359-0018 with beam 40
LOG (gmm-align-compiled[5.5]:main():gmm-align-compiled.cc:127) 460-172359-0021
WARNING (gmm-align-compiled[5.5]:AlignUtteranceWrapper():decoder-wrappers.cc:617) Retrying utterance 460-172359-0021 with beam 40
LOG (gmm-align-compiled[5.5]:main():gmm-align-compiled.cc:127) 460-172359-0022
WARNING (gmm-align-compiled[5.5]:AlignUtteranceWrapper():decoder-wrappers.cc:617) Retrying utterance 460-172359-0022 with beam 40
LOG (gmm-align-compiled[5.5]:main():gmm-align-compiled.cc:127) 460-172359-0024
WARNING (gmm-align-compiled[5.5]:AlignUtteranceWrapper():decoder-wrappers.cc:617) Retrying utterance 460-172359-0024 with beam 40
LOG (gmm-align-compiled[5.5]:main():gmm-align-compiled.cc:127) 460-172359-0025
WARNING (gmm-align-compiled[5.5]:AlignUtteranceWrapper():decoder-wrappers.cc:617) Retrying utterance 460-172359-0025 with beam 40
LOG (gmm-align-compiled[5.5]:main():gmm-align-compiled.cc:127) 460-172359-0031
WARNING (gmm-align-compiled[5.5]:AlignUtteranceWrapper():decoder-wrappers.cc:617) Retrying utterance 460-172359-0031 with beam 40
LOG (gmm-align-compiled[5.5]:main():gmm-align-compiled.cc:127) 460-172359-0032
WARNING (gmm-align-compiled[5.5]:AlignUtteranceWrapper():decoder-wrappers.cc:617) Retrying utterance 460-172359-0032 with beam 40
LOG (gmm-align-compiled[5.5]:main():gmm-align-compiled.cc:127) 460-172359-0033
LOG (gmm-align-compiled[5.5]:main():gmm-align-compiled.cc:127) 460-172359-0035
WARNING (gmm-align-compiled[5.5]:AlignUtteranceWrapper():decoder-wrappers.cc:617) Retrying utterance 460-172359-0035 with beam 40
LOG (gmm-align-compiled[5.5]:main():gmm-align-compiled.cc:127) 460-172359-0039
WARNING (gmm-align-compiled[5.5]:AlignUtteranceWrapper():decoder-wrappers.cc:617) Retrying utterance 460-172359-0039 with beam 40
LOG (gmm-align-compiled[5.5]:main():gmm-align-compiled.cc:127) 460-172359-0040
LOG (gmm-align-compiled[5.5]:main():gmm-align-compiled.cc:127) 460-172359-0041
WARNING (gmm-align-compiled[5.5]:AlignUtteranceWrapper():decoder-wrappers.cc:617) Retrying utterance 460-172359-0041 with beam 40
LOG (gmm-align-compiled[5.5]:main():gmm-align-compiled.cc:127) 460-172359-0043
LOG (gmm-align-compiled[5.5]:main():gmm-align-compiled.cc:127) 460-172359-0046
WARNING (gmm-align-compiled[5.5]:AlignUtteranceWrapper():decoder-wrappers.cc:617) Retrying utterance 460-172359-0046 with beam 40
LOG (gmm-align-compiled[5.5]:main():gmm-align-compiled.cc:127) 460-172359-0047
WARNING (gmm-align-compiled[5.5]:AlignUtteranceWrapper():decoder-wrappers.cc:617) Retrying utterance 460-172359-0047 with beam 40
LOG (gmm-align-compiled[5.5]:main():gmm-align-compiled.cc:127) 460-172359-0048
WARNING (gmm-align-compiled[5.5]:AlignUtteranceWrapper():decoder-wrappers.cc:617) Retrying utterance 460-172359-0048 with beam 40
LOG (gmm-align-compiled[5.5]:main():gmm-align-compiled.cc:127) 460-172359-0050
LOG (gmm-align-compiled[5.5]:main():gmm-align-compiled.cc:127) 460-172359-0055
LOG (gmm-align-compiled[5.5]:main():gmm-align-compiled.cc:127) 460-172359-0056
LOG (gmm-align-compiled[5.5]:main():gmm-align-compiled.cc:127) 460-172359-0060
WARNING (gmm-align-compiled[5.5]:AlignUtteranceWrapper():decoder-wrappers.cc:617) Retrying utterance 460-172359-0060 with beam 40
LOG (gmm-align-compiled[5.5]:main():gmm-align-compiled.cc:127) 460-172359-0061
LOG (gmm-align-compiled[5.5]:main():gmm-align-compiled.cc:127) 460-172359-0064
LOG (gmm-align-compiled[5.5]:main():gmm-align-compiled.cc:127) 460-172359-0065
LOG (gmm-align-compiled[5.5]:main():gmm-align-compiled.cc:127) 460-172359-0070
WARNING (gmm-align-compiled[5.5]:AlignUtteranceWrapper():decoder-wrappers.cc:617) Retrying utterance 460-172359-0070 with beam 40
LOG (gmm-align-compiled[5.5]:main():gmm-align-compiled.cc:127) 460-172359-0071
LOG (gmm-align-compiled[5.5]:main():gmm-align-compiled.cc:127) 460-172359-0074
WARNING (gmm-align-compiled[5.5]:AlignUtteranceWrapper():decoder-wrappers.cc:617) Retrying utterance 460-172359-0074 with beam 40
LOG (gmm-align-compiled[5.5]:main():gmm-align-compiled.cc:127) 460-172359-0077
WARNING (gmm-align-compiled[5.5]:AlignUtteranceWrapper():decoder-wrappers.cc:617) Retrying utterance 460-172359-0077 with beam 40
LOG (gmm-align-compiled[5.5]:main():gmm-align-compiled.cc:127) 460-172359-0079
WARNING (gmm-align-compiled[5.5]:AlignUtteranceWrapper():decoder-wrappers.cc:617) Retrying utterance 460-172359-0079 with beam 40
LOG (gmm-align-compiled[5.5]:main():gmm-align-compiled.cc:127) 460-172359-0081
WARNING (gmm-align-compiled[5.5]:AlignUtteranceWrapper():decoder-wrappers.cc:617) Retrying utterance 460-172359-0081 with beam 40
LOG (gmm-align-compiled[5.5]:main():gmm-align-compiled.cc:127) 460-172359-0082
LOG (gmm-align-compiled[5.5]:main():gmm-align-compiled.cc:127) 460-172359-0084
LOG (gmm-align-compiled[5.5]:main():gmm-align-compiled.cc:127) 460-172359-0088
WARNING (gmm-align-compiled[5.5]:AlignUtteranceWrapper():decoder-wrappers.cc:617) Retrying utterance 460-172359-0088 with beam 40
LOG (gmm-align-compiled[5.5]:main():gmm-align-compiled.cc:127) 460-172359-0089
WARNING (gmm-align-compiled[5.5]:AlignUtteranceWrapper():decoder-wrappers.cc:617) Retrying utterance 460-172359-0089 with beam 40
LOG (gmm-align-compiled[5.5]:main():gmm-align-compiled.cc:127) 460-172359-0090
LOG (gmm-align-compiled[5.5]:main():gmm-align-compiled.cc:127) 460-172359-0091
WARNING (gmm-align-compiled[5.5]:AlignUtteranceWrapper():decoder-wrappers.cc:617) Retrying utterance 460-172359-0091 with beam 40
LOG (gmm-align-compiled[5.5]:main():gmm-align-compiled.cc:127) 460-172359-0093
WARNING (gmm-align-compiled[5.5]:AlignUtteranceWrapper():decoder-wrappers.cc:617) Retrying utterance 460-172359-0093 with beam 40
LOG (gmm-align-compiled[5.5]:main():gmm-align-compiled.cc:127) 460-172359-0096
WARNING (gmm-align-compiled[5.5]:AlignUtteranceWrapper():decoder-wrappers.cc:617) Retrying utterance 460-172359-0096 with beam 40
LOG (gmm-align-compiled[5.5]:main():gmm-align-compiled.cc:127) 460-172359-0098
WARNING (gmm-align-compiled[5.5]:AlignUtteranceWrapper():decoder-wrappers.cc:617) Retrying utterance 460-172359-0098 with beam 40
LOG (gmm-align-compiled[5.5]:main():gmm-align-compiled.cc:127) 460-172359-0099
WARNING (gmm-align-compiled[5.5]:AlignUtteranceWrapper():decoder-wrappers.cc:617) Retrying utterance 460-172359-0099 with beam 40
LOG (gmm-align-compiled[5.5]:main():gmm-align-compiled.cc:127) 4640-19188-0000
LOG (gmm-align-compiled[5.5]:main():gmm-align-compiled.cc:127) 4640-19188-0001
LOG (gmm-align-compiled[5.5]:main():gmm-align-compiled.cc:127) 4640-19188-0002
LOG (gmm-align-compiled[5.5]:main():gmm-align-compiled.cc:127) 4640-19188-0003
LOG (gmm-align-compiled[5.5]:main():gmm-align-compiled.cc:127) 4640-19188-0004
LOG (gmm-align-compiled[5.5]:main():gmm-align-compiled.cc:127) 4640-19188-0006
LOG (gmm-align-compiled[5.5]:main():gmm-align-compiled.cc:127) 4640-19188-0008
LOG (gmm-align-compiled[5.5]:main():gmm-align-compiled.cc:127) 4640-19188-0012
WARNING (gmm-align-compiled[5.5]:AlignUtteranceWrapper():decoder-wrappers.cc:617) Retrying utterance 4640-19188-0012 with beam 40
LOG (gmm-align-compiled[5.5]:main():gmm-align-compiled.cc:127) 4640-19188-0013
LOG (gmm-align-compiled[5.5]:main():gmm-align-compiled.cc:127) 4640-19188-0022
WARNING (gmm-align-compiled[5.5]:AlignUtteranceWrapper():decoder-wrappers.cc:617) Retrying utterance 4640-19188-0022 with beam 40
LOG (gmm-align-compiled[5.5]:main():gmm-align-compiled.cc:127) 4640-19188-0031
LOG (gmm-align-compiled[5.5]:main():gmm-align-compiled.cc:127) 4640-19188-0035
WARNING (gmm-align-compiled[5.5]:AlignUtteranceWrapper():decoder-wrappers.cc:617) Retrying utterance 4640-19188-0035 with beam 40
LOG (gmm-align-compiled[5.5]:main():gmm-align-compiled.cc:127) 4640-19188-0036
LOG (gmm-align-compiled[5.5]:main():gmm-align-compiled.cc:127) 4640-19188-0038
LOG (gmm-align-compiled[5.5]:main():gmm-align-compiled.cc:127) 4640-19188-0040
WARNING (gmm-align-compiled[5.5]:AlignUtteranceWrapper():decoder-wrappers.cc:617) Retrying utterance 4640-19188-0040 with beam 40
LOG (gmm-align-compiled[5.5]:main():gmm-align-compiled.cc:127) 4680-16042-0000
WARNING (gmm-align-compiled[5.5]:AlignUtteranceWrapper():decoder-wrappers.cc:617) Retrying utterance 4680-16042-0000 with beam 40
LOG (gmm-align-compiled[5.5]:main():gmm-align-compiled.cc:127) 4680-16042-0001
WARNING (gmm-align-compiled[5.5]:AlignUtteranceWrapper():decoder-wrappers.cc:617) Retrying utterance 4680-16042-0001 with beam 40
LOG (gmm-align-compiled[5.5]:main():gmm-align-compiled.cc:127) 4680-16042-0004
LOG (gmm-align-compiled[5.5]:main():gmm-align-compiled.cc:127) 4680-16042-0006
LOG (gmm-align-compiled[5.5]:main():gmm-align-compiled.cc:127) 4680-16042-0013
LOG (gmm-align-compiled[5.5]:main():gmm-align-compiled.cc:127) 4680-16042-0015
LOG (gmm-align-compiled[5.5]:main():gmm-align-compiled.cc:127) 4680-16042-0020
WARNING (gmm-align-compiled[5.5]:AlignUtteranceWrapper():decoder-wrappers.cc:617) Retrying utterance 4680-16042-0020 with beam 40
LOG (gmm-align-compiled[5.5]:main():gmm-align-compiled.cc:127) 4680-16042-0027
LOG (gmm-align-compiled[5.5]:main():gmm-align-compiled.cc:127) 4680-16042-0029
LOG (gmm-align-compiled[5.5]:main():gmm-align-compiled.cc:127) 4680-16042-0030
LOG (gmm-align-compiled[5.5]:main():gmm-align-compiled.cc:127) 4680-16042-0033
LOG (gmm-align-compiled[5.5]:main():gmm-align-compiled.cc:127) 5789-70653-0004
LOG (gmm-align-compiled[5.5]:main():gmm-align-compiled.cc:127) 5789-70653-0005
LOG (gmm-align-compiled[5.5]:main():gmm-align-compiled.cc:127) 5789-70653-0006
WARNING (gmm-align-compiled[5.5]:AlignUtteranceWrapper():decoder-wrappers.cc:617) Retrying utterance 5789-70653-0006 with beam 40
LOG (gmm-align-compiled[5.5]:main():gmm-align-compiled.cc:127) 5789-70653-0008
WARNING (gmm-align-compiled[5.5]:AlignUtteranceWrapper():decoder-wrappers.cc:617) Retrying utterance 5789-70653-0008 with beam 40
LOG (gmm-align-compiled[5.5]:main():gmm-align-compiled.cc:127) 5789-70653-0009
LOG (gmm-align-compiled[5.5]:main():gmm-align-compiled.cc:127) 5789-70653-0012
WARNING (gmm-align-compiled[5.5]:AlignUtteranceWrapper():decoder-wrappers.cc:617) Retrying utterance 5789-70653-0012 with beam 40
LOG (gmm-align-compiled[5.5]:main():gmm-align-compiled.cc:127) 5789-70653-0013
LOG (gmm-align-compiled[5.5]:main():gmm-align-compiled.cc:127) 5789-70653-0019
LOG (gmm-align-compiled[5.5]:main():gmm-align-compiled.cc:127) 5789-70653-0020
LOG (gmm-align-compiled[5.5]:main():gmm-align-compiled.cc:127) 5789-70653-0023
WARNING (gmm-align-compiled[5.5]:AlignUtteranceWrapper():decoder-wrappers.cc:617) Retrying utterance 5789-70653-0023 with beam 40
LOG (gmm-align-compiled[5.5]:main():gmm-align-compiled.cc:127) 5789-70653-0025
WARNING (gmm-align-compiled[5.5]:AlignUtteranceWrapper():decoder-wrappers.cc:617) Retrying utterance 5789-70653-0025 with beam 40
LOG (gmm-align-compiled[5.5]:main():gmm-align-compiled.cc:127) 5789-70653-0029
WARNING (gmm-align-compiled[5.5]:AlignUtteranceWrapper():decoder-wrappers.cc:617) Retrying utterance 5789-70653-0029 with beam 40
LOG (gmm-align-compiled[5.5]:main():gmm-align-compiled.cc:127) 6272-70171-0003
WARNING (gmm-align-compiled[5.5]:AlignUtteranceWrapper():decoder-wrappers.cc:617) Retrying utterance 6272-70171-0003 with beam 40
LOG (gmm-align-compiled[5.5]:main():gmm-align-compiled.cc:127) 6272-70171-0011
WARNING (gmm-align-compiled[5.5]:AlignUtteranceWrapper():decoder-wrappers.cc:617) Retrying utterance 6272-70171-0011 with beam 40
LOG (gmm-align-compiled[5.5]:main():gmm-align-compiled.cc:127) 6272-70171-0019
WARNING (gmm-align-compiled[5.5]:AlignUtteranceWrapper():decoder-wrappers.cc:617) Retrying utterance 6272-70171-0019 with beam 40
LOG (gmm-align-compiled[5.5]:main():gmm-align-compiled.cc:127) 6272-70171-0021
WARNING (gmm-align-compiled[5.5]:AlignUtteranceWrapper():decoder-wrappers.cc:617) Retrying utterance 6272-70171-0021 with beam 40
LOG (gmm-align-compiled[5.5]:main():gmm-align-compiled.cc:127) 6272-70171-0022
WARNING (gmm-align-compiled[5.5]:AlignUtteranceWrapper():decoder-wrappers.cc:617) Retrying utterance 6272-70171-0022 with beam 40
LOG (gmm-align-compiled[5.5]:main():gmm-align-compiled.cc:127) 6272-70171-0026
WARNING (gmm-align-compiled[5.5]:AlignUtteranceWrapper():decoder-wrappers.cc:617) Retrying utterance 6272-70171-0026 with beam 40
LOG (gmm-align-compiled[5.5]:main():gmm-align-compiled.cc:127) 6272-70171-0027
LOG (apply-cmvn[5.5]:main():apply-cmvn.cc:162) Applied cepstral mean normalization to 123 utterances, errors on 0
LOG (gmm-align-compiled[5.5]:main():gmm-align-compiled.cc:127) 6272-70171-0028
WARNING (gmm-align-compiled[5.5]:AlignUtteranceWrapper():decoder-wrappers.cc:617) Retrying utterance 6272-70171-0028 with beam 40
LOG (gmm-align-compiled[5.5]:main():gmm-align-compiled.cc:127) 6272-70171-0040
WARNING (gmm-align-compiled[5.5]:AlignUtteranceWrapper():decoder-wrappers.cc:617) Retrying utterance 6272-70171-0040 with beam 40
LOG (gmm-align-compiled[5.5]:main():gmm-align-compiled.cc:135) Overall log-likelihood per frame is -109.191 over 106802 frames.
LOG (gmm-align-compiled[5.5]:main():gmm-align-compiled.cc:137) Retried 66 out of 123 utterances.
LOG (gmm-align-compiled[5.5]:main():gmm-align-compiled.cc:139) Done 123, errors on 0
# Accounting: time=15 threads=1
# Ended (code 0) at Fri Apr 14 06:15:55 CDT 2023, elapsed time 15 seconds
