# compile-train-graphs --read-disambig-syms=data/lang_nosp/phones/disambig.int exp/mono/tree exp/mono/0.mdl data/lang_nosp/L.fst "ark:sym2int.pl --map-oov 3 -f 2- data/lang_nosp/words.txt < data/train_500short/split4/4/text|" "ark:|gzip -c >exp/mono/fsts.4.gz" 
# Started at Fri Apr 14 06:15:38 CDT 2023
#
compile-train-graphs --read-disambig-syms=data/lang_nosp/phones/disambig.int exp/mono/tree exp/mono/0.mdl data/lang_nosp/L.fst 'ark:sym2int.pl --map-oov 3 -f 2- data/lang_nosp/words.txt < data/train_500short/split4/4/text|' 'ark:|gzip -c >exp/mono/fsts.4.gz' 
sym2int.pl: replacing OBSTRUCKT with 3
sym2int.pl: replacing IMPADE with 3
sym2int.pl: replacing CORRESPONDIENCE with 3
sym2int.pl: replacing DOABLE with 3
sym2int.pl: replacing PULCHINELLOS with 3
sym2int.pl: replacing PASTRINI with 3
sym2int.pl: replacing PASTRINI with 3
sym2int.pl: replacing PASTRINI with 3
sym2int.pl: replacing PASTRINI with 3
sym2int.pl: replacing PASTRINI with 3
sym2int.pl: replacing AMASINE with 3
sym2int.pl: replacing JUPERNO with 3
sym2int.pl: replacing CUCUMETTO with 3
sym2int.pl: replacing CUCUMETTO with 3
sym2int.pl: replacing CUCUMETTO with 3
sym2int.pl: replacing ENTREATIES' with 3
sym2int.pl: replacing DIOVOLACCIO with 3
sym2int.pl: replacing DIAVOLACCIO with 3
sym2int.pl: replacing CUCUMETTO with 3
sym2int.pl: replacing ABDALMALIK with 3
sym2int.pl: not warning for OOVs any more times
** Replaced 24 instances of OOVs with 3
LOG (compile-train-graphs[5.5]:main():compile-train-graphs.cc:147) compile-train-graphs: succeeded for 130 graphs, failed for 0
# Accounting: time=1 threads=1
# Ended (code 0) at Fri Apr 14 06:15:39 CDT 2023, elapsed time 1 seconds
