# gmm-est --write-occs=exp/mono/2.occs --mix-up=127 --power=0.25 exp/mono/1.mdl "gmm-sum-accs - exp/mono/1.*.acc|" exp/mono/2.mdl 
# Started at Fri Apr 14 06:15:55 CDT 2023
#
gmm-est --write-occs=exp/mono/2.occs --mix-up=127 --power=0.25 exp/mono/1.mdl 'gmm-sum-accs - exp/mono/1.*.acc|' exp/mono/2.mdl 
gmm-sum-accs - exp/mono/1.1.acc exp/mono/1.2.acc exp/mono/1.3.acc exp/mono/1.4.acc 
LOG (gmm-sum-accs[5.5]:main():gmm-sum-accs.cc:63) Summed 4 stats, total count 414791, avg like/frame -109.381
LOG (gmm-sum-accs[5.5]:main():gmm-sum-accs.cc:66) Total count of stats is 414791
LOG (gmm-sum-accs[5.5]:main():gmm-sum-accs.cc:67) Written stats to -
LOG (gmm-est[5.5]:MleUpdate():transition-model.cc:528) TransitionModel::Update, objf change is 0.131872 per frame over 414791 frames. 
LOG (gmm-est[5.5]:MleUpdate():transition-model.cc:531) 16 probabilities floored, 556 out of 1058 transition-states skipped due to insuffient data (it is normal to have some skipped.)
LOG (gmm-est[5.5]:main():gmm-est.cc:102) Transition model update: Overall 0.131872 log-like improvement per frame over 414791 frames.
WARNING (gmm-est[5.5]:MleDiagGmmUpdate():mle-diag-gmm.cc:365) Gaussian has too little data but not removing it because it is the last Gaussian: i = 0, occ = 3, weight = 1
LOG (gmm-est[5.5]:MleAmDiagGmmUpdate():mle-am-diag-gmm.cc:225) 0 variance elements floored in 0 Gaussians, out of 127
LOG (gmm-est[5.5]:MleAmDiagGmmUpdate():mle-am-diag-gmm.cc:229) Removed 0 Gaussians due to counts < --min-gaussian-occupancy=10 and --remove-low-count-gaussians=true
LOG (gmm-est[5.5]:main():gmm-est.cc:113) GMM update: Overall 3.3605 objective function improvement per frame over 414791 frames
LOG (gmm-est[5.5]:main():gmm-est.cc:116) GMM update: Overall avg like per frame = -109.381 over 414791 frames.
LOG (gmm-est[5.5]:SplitByCount():am-diag-gmm.cc:116) Split 127 states with target = 127, power = 0.25, perturb_factor = 0.01 and min_count = 20, split #Gauss from 127 to 127
LOG (gmm-est[5.5]:main():gmm-est.cc:146) Written model to exp/mono/2.mdl
# Accounting: time=0 threads=1
# Ended (code 0) at Fri Apr 14 06:15:55 CDT 2023, elapsed time 0 seconds
